<?xml version="1.0" encoding="UTF-8"?>
<testsuite name="ManagerTest" tests="1" skipped="0" failures="0" errors="0" timestamp="2019-04-01T15:36:13" hostname="Pixie.local" time="0.0">
  <properties/>
  <testcase name="managerCanChangeDeptname" classname="ManagerTest" time="0.0"/>
  <system-out><![CDATA[]]></system-out>
  <system-err><![CDATA[]]></system-err>
</testsuite>
